

-----------------------------------
New Analysis started.
Date and time: 22/07/2019 10:17:10
New results follow.
-----------------------------------

RSiena version 1.2-12 (12 May 18)


@1
Estimation by stochastic approximation algorithm.
=================================================

Random initialization of random number stream.
Current random number seed is 527481.
Effects object used: eff 
Model Type:
 
Estimation method: conditional moment estimation
Conditioning variable is the total number of observed changes ("distance") 
in the network variable.
Distance for simulations is  184 .
Standard errors are estimated with the likelihood ratio method.
Dolby method (regression on scores) is used.
Initial value of gain parameter is  0.2000000.
Reduction factor for gain parameter is  0.5000000.
Number of subphases in Phase 2 is 4.

Initial parameter values are 
  0. Rate parameter                          13.6190
  1. eval:  outdegree (density)                            -0.6680
  2. eval:  reciprocity                                     0.0000
  3. eval:  transitive triplets                             0.0000
  4. eval:  3-cycles                                        0.0000
  5. eval:  cog                                             0.0000
  6. eval:  geo                                             0.0000
  7. eval:  transtripXcog                                   0.0000
  8. eval:  age alter                                       0.0000
  9. eval:  age ego                                         0.0000
 10. eval:  same owner                                      0.0000
 11. eval:  external_ties alter                             0.0000
 12. eval:  emp alter                                       0.0000
 13. eval:  emp ego                                         0.0000


Observed values of target statistics are
  1. Number of ties                                                     181.0000
  2. Number of reciprocated ties                                         78.0000
  3. Number of transitive triplets                                      590.0000
  4. 3-cycles                                                           122.0000
  5. Sum of ties x cog                                                   36.6746
  6. Sum of ties x geo                                                   74.9444
  7. Sum of ties x transtripXcog                                        181.8704
  8. Sum indegrees x age                                                288.6786
  9. Sum outdegrees x age                                              -104.3214
 10. Same values on owner                                               125.0000
 11. Sum indegrees x external_ties                                      -80.8571
 12. Sum indegrees x emp                                                386.5000
 13. Sum outdegrees x emp                                              -284.5000

 13 parameters, 13 statistics

Estimation of derivatives by the LR method (type 1).


@2
End of stochastic approximation algorithm, phase 3.
---------------------------------------------------

Total of 4125 iterations.
Parameter estimates based on 2125 iterations,
basic rate parameter as well as 
convergence diagnostics, covariance and derivative matrices based on 2000 iterations.

Information for convergence diagnosis.
Averages, standard deviations, and t-ratios for deviations from targets:
  1.   1.1010   23.9553   0.0460 
  2.   0.8580   16.4307   0.0522 
  3.   9.7295  217.3036   0.0448 
  4.   2.3470   50.1713   0.0468 
  5.  -0.1829   22.1057  -0.0083 
  6.  -0.3122   27.1956  -0.0115 
  7.   0.7363  107.9985   0.0068 
  8.   2.0934   88.8006   0.0236 
  9.   3.1379  104.1415   0.0301 
 10.   1.1005   16.9892   0.0648 
 11.  -1.5028   55.9796  -0.0268 
 12.   6.1545  887.5240   0.0069 
 13. -16.5725 1302.6396  -0.0127 

Good convergence is indicated by the t-ratios being close to zero.

Overall maximum convergence ratio =  0.1028 .



@2
Estimation Results.
-------------------

Regular end of estimation algorithm.
Total of 4125 iteration steps.


@3
Estimates and standard errors
                             
Rate parameters:
 0. Rate parameter                           12.4119  (   1.3533)

Other parameters:
 1. eval:  outdegree (density)                                    -1.6981  (   0.2018)
 2. eval:  reciprocity                                             0.6819  (   0.2373)
 3. eval:  transitive triplets                                     0.2248  (   0.0291)
 4. eval:  3-cycles                                               -0.2028  (   0.0601)
 5. eval:  cog                                                     0.2580  (   0.0679)
 6. eval:  geo                                                     0.0876  (   0.0417)
 7. eval:  transtripXcog                                          -0.0389  (   0.0142)
 8. eval:  age alter                                               0.0140  (   0.0111)
 9. eval:  age ego                                                -0.0168  (   0.0112)
10. eval:  same owner                                             -0.0013  (   0.1892)
11. eval:  external_ties alter                                    -0.0092  (   0.0160)
12. eval:  emp alter                                               0.0006  (   0.0010)
13. eval:  emp ego                                                -0.0009  (   0.0011)


@3
Covariance matrices
                   
Covariance matrix of estimates (correlations below diagonal):
     0.041     -0.013     -0.003      0.002     -0.003     -0.001      0.001      0.000      0.000     -0.023      0.000      0.000      0.000
    -0.271      0.056      0.002     -0.008     -0.001      0.000      0.000      0.000      0.000      0.002      0.000      0.000      0.000
    -0.570      0.271      0.001     -0.001      0.001      0.000      0.000      0.000      0.000      0.000      0.000      0.000      0.000
     0.155     -0.579     -0.634      0.004      0.000      0.000      0.000      0.000      0.000     -0.001      0.000      0.000      0.000
    -0.250     -0.076      0.327      0.045      0.005      0.000     -0.001      0.000      0.000     -0.002      0.000      0.000      0.000
    -0.147     -0.019      0.148     -0.080      0.159      0.002      0.000      0.000      0.000      0.000      0.000      0.000      0.000
     0.284      0.047     -0.274     -0.009     -0.704     -0.190      0.000      0.000      0.000      0.000      0.000      0.000      0.000
    -0.175      0.050     -0.061      0.055      0.064      0.024     -0.225      0.000      0.000      0.000      0.000      0.000      0.000
     0.046     -0.026     -0.023     -0.103     -0.083     -0.084     -0.108      0.119      0.000      0.000      0.000      0.000      0.000
    -0.596      0.051      0.054     -0.111     -0.145      0.043     -0.037      0.170      0.155      0.036      0.001      0.000      0.000
    -0.093      0.029      0.033     -0.057     -0.130     -0.164      0.068      0.108     -0.026      0.182      0.000      0.000      0.000
    -0.206      0.034      0.058     -0.084      0.046     -0.045     -0.006      0.046      0.023      0.345      0.133      0.000      0.000
    -0.074     -0.011     -0.046      0.015      0.001     -0.066      0.019      0.021      0.046      0.210      0.047      0.096      0.000

Derivative matrix of expected statistics X by parameters and
covariance/correlation matrix of X can be found using
summary(ans) within R, or by using the 'verbose' option in Siena07.
 
Total computation time 23.62 seconds.
